The system is: Linux - 2.4.21-99-default - i686
Determining if the C compiler is GNU succeeded with the following output:
# 1 "/home116/egibson/openSuSE9.0/cmake-2.4.8-build/share/cmake-2.4/Modules/CMakeTestGNU.c"
# 1 "<built-in>"
# 1 "<command-line>"
# 1 "/home116/egibson/openSuSE9.0/cmake-2.4.8-build/share/cmake-2.4/Modules/CMakeTestGNU.c"

void THIS_IS_GNU();

Determining if the C++ compiler is GNU succeeded with the following output:
# 1 "/home116/egibson/openSuSE9.0/cmake-2.4.8-build/share/cmake-2.4/Modules/CMakeTestGNU.c"
# 1 "<built-in>"
# 1 "<command-line>"
# 1 "/home116/egibson/openSuSE9.0/cmake-2.4.8-build/share/cmake-2.4/Modules/CMakeTestGNU.c"

void THIS_IS_GNU();

Determining if the C compiler works passed with the following output:
/usr/bin/gmake -f CMakeFiles/cmTryCompileExec.dir/build.make CMakeFiles/cmTryCompileExec.dir/build
gmake[1]: Entering directory `/net/synapse/nt/egibson/data/le2/c++/binlinux/CMakeFiles/CMakeTmp'
/home116/egibson/openSuSE9.0/cmake-2.4.8-build/bin/cmake -E cmake_progress_report /net/synapse/nt/egibson/data/le2/c++/binlinux/CMakeFiles/CMakeTmp/CMakeFiles 1
Building C object CMakeFiles/cmTryCompileExec.dir/testCCompiler.o
/home116/egibson/openSuSE9.0/gcc-4.3.2-build/bin/gcc   -o CMakeFiles/cmTryCompileExec.dir/testCCompiler.o   -c /net/synapse/nt/egibson/data/le2/c++/binlinux/CMakeFiles/CMakeTmp/testCCompiler.c
Linking C executable cmTryCompileExec
/home116/egibson/openSuSE9.0/cmake-2.4.8-build/bin/cmake -P CMakeFiles/cmTryCompileExec.dir/cmake_clean_target.cmake
/home116/egibson/openSuSE9.0/gcc-4.3.2-build/bin/gcc        -fPIC "CMakeFiles/cmTryCompileExec.dir/testCCompiler.o"   -o cmTryCompileExec -rdynamic 
gmake[1]: Leaving directory `/net/synapse/nt/egibson/data/le2/c++/binlinux/CMakeFiles/CMakeTmp'


Determining size of void* passed with the following output:
/usr/bin/gmake -f CMakeFiles/cmTryCompileExec.dir/build.make CMakeFiles/cmTryCompileExec.dir/build
gmake[1]: Entering directory `/net/synapse/nt/egibson/data/le2/c++/binlinux/CMakeFiles/CMakeTmp'
/home116/egibson/openSuSE9.0/cmake-2.4.8-build/bin/cmake -E cmake_progress_report /net/synapse/nt/egibson/data/le2/c++/binlinux/CMakeFiles/CMakeTmp/CMakeFiles 1
Building C object CMakeFiles/cmTryCompileExec.dir/CheckTypeSize.o
/home116/egibson/openSuSE9.0/gcc-4.3.2-build/bin/gcc   -o CMakeFiles/cmTryCompileExec.dir/CheckTypeSize.o   -c /net/synapse/nt/egibson/data/le2/c++/binlinux/CMakeFiles/CMakeTmp/CheckTypeSize.c
Linking C executable cmTryCompileExec
/home116/egibson/openSuSE9.0/cmake-2.4.8-build/bin/cmake -P CMakeFiles/cmTryCompileExec.dir/cmake_clean_target.cmake
/home116/egibson/openSuSE9.0/gcc-4.3.2-build/bin/gcc        -fPIC "CMakeFiles/cmTryCompileExec.dir/CheckTypeSize.o"   -o cmTryCompileExec -rdynamic 
gmake[1]: Leaving directory `/net/synapse/nt/egibson/data/le2/c++/binlinux/CMakeFiles/CMakeTmp'


Determining if the CXX compiler works passed with the following output:
/usr/bin/gmake -f CMakeFiles/cmTryCompileExec.dir/build.make CMakeFiles/cmTryCompileExec.dir/build
gmake[1]: Entering directory `/net/synapse/nt/egibson/data/le2/c++/binlinux/CMakeFiles/CMakeTmp'
/home116/egibson/openSuSE9.0/cmake-2.4.8-build/bin/cmake -E cmake_progress_report /net/synapse/nt/egibson/data/le2/c++/binlinux/CMakeFiles/CMakeTmp/CMakeFiles 1
Building CXX object CMakeFiles/cmTryCompileExec.dir/testCXXCompiler.o
/home116/egibson/openSuSE9.0/gcc-4.3.2-build/bin/g++    -o CMakeFiles/cmTryCompileExec.dir/testCXXCompiler.o -c /net/synapse/nt/egibson/data/le2/c++/binlinux/CMakeFiles/CMakeTmp/testCXXCompiler.cxx
Linking CXX executable cmTryCompileExec
/home116/egibson/openSuSE9.0/cmake-2.4.8-build/bin/cmake -P CMakeFiles/cmTryCompileExec.dir/cmake_clean_target.cmake
/home116/egibson/openSuSE9.0/gcc-4.3.2-build/bin/g++         -fPIC "CMakeFiles/cmTryCompileExec.dir/testCXXCompiler.o"   -o cmTryCompileExec -rdynamic 
gmake[1]: Leaving directory `/net/synapse/nt/egibson/data/le2/c++/binlinux/CMakeFiles/CMakeTmp'


